============================================================
智能体 Group11              v.s. Group11             
------------------------------------------------------------
智能体 Group11              胜率 | 47.5%
总对局                           | 100000
智能体 Group11              主场 | 胜 24198 | 平 4490 | 负 21312
智能体 Group11              客场 | 胜 21125 | 平 4533 | 负 24342
------------------------------------------------------------
智能体 Group11              胜率 | 45.7%
总对局                           | 100000
智能体 Group11              主场 | 胜 21312 | 平 4490 | 负 24198
智能体 Group11              客场 | 胜 24342 | 平 4533 | 负 21125
============================================================

============================================================
智能体 Group11              v.s. Group10             
------------------------------------------------------------
智能体 Group11              胜率 | 47.7%
总对局                           | 100000
智能体 Group11              主场 | 胜 24373 | 平 4405 | 负 21222
智能体 Group11              客场 | 胜 21130 | 平 4534 | 负 24336
------------------------------------------------------------
智能体 Group10              胜率 | 45.6%
总对局                           | 100000
智能体 Group10              主场 | 胜 21222 | 平 4405 | 负 24373
智能体 Group10              客场 | 胜 24336 | 平 4534 | 负 21130
============================================================

============================================================
智能体 Group11              v.s. Agent17             
------------------------------------------------------------
智能体 Group11              胜率 | 47.4%
总对局                           | 100000
智能体 Group11              主场 | 胜 24181 | 平 5071 | 负 20748
智能体 Group11              客场 | 胜 21063 | 平 4595 | 负 24342
------------------------------------------------------------
智能体 Agent17              胜率 | 45.1%
总对局                           | 100000
智能体 Agent17              主场 | 胜 20748 | 平 5071 | 负 24181
智能体 Agent17              客场 | 胜 24342 | 平 4595 | 负 21063
============================================================

============================================================
智能体 Group11              v.s. Agent16             
------------------------------------------------------------
智能体 Group11              胜率 | 47.8%
总对局                           | 100000
智能体 Group11              主场 | 胜 24513 | 平 4884 | 负 20603
智能体 Group11              客场 | 胜 21030 | 平 4774 | 负 24196
------------------------------------------------------------
智能体 Agent16              胜率 | 44.8%
总对局                           | 100000
智能体 Agent16              主场 | 胜 20603 | 平 4884 | 负 24513
智能体 Agent16              客场 | 胜 24196 | 平 4774 | 负 21030
============================================================

============================================================
智能体 Group11              v.s. Agent15             
------------------------------------------------------------
智能体 Group11              胜率 | 48.4%
总对局                           | 100000
智能体 Group11              主场 | 胜 24452 | 平 4445 | 负 21103
智能体 Group11              客场 | 胜 21600 | 平 4853 | 负 23547
------------------------------------------------------------
智能体 Agent15              胜率 | 44.6%
总对局                           | 100000
智能体 Agent15              主场 | 胜 21103 | 平 4445 | 负 24452
智能体 Agent15              客场 | 胜 23547 | 平 4853 | 负 21600
============================================================

============================================================
智能体 Group11              v.s. Agent18             
------------------------------------------------------------
智能体 Group11              胜率 | 49.7%
总对局                           | 100000
智能体 Group11              主场 | 胜 25601 | 平 4648 | 负 19751
智能体 Group11              客场 | 胜 22067 | 平 4008 | 负 23925
------------------------------------------------------------
智能体 Agent18              胜率 | 43.7%
总对局                           | 100000
智能体 Agent18              主场 | 胜 19751 | 平 4648 | 负 25601
智能体 Agent18              客场 | 胜 23925 | 平 4008 | 负 22067
============================================================

============================================================
智能体 Group10              v.s. Group11             
------------------------------------------------------------
智能体 Group10              胜率 | 47.6%
总对局                           | 100000
智能体 Group10              主场 | 胜 24237 | 平 4436 | 负 21327
智能体 Group10              客场 | 胜 21275 | 平 4442 | 负 24283
------------------------------------------------------------
智能体 Group11              胜率 | 45.6%
总对局                           | 100000
智能体 Group11              主场 | 胜 21327 | 平 4436 | 负 24237
智能体 Group11              客场 | 胜 24283 | 平 4442 | 负 21275
============================================================

============================================================
智能体 Group10              v.s. Group10             
------------------------------------------------------------
智能体 Group10              胜率 | 47.7%
总对局                           | 100000
智能体 Group10              主场 | 胜 24312 | 平 4430 | 负 21258
智能体 Group10              客场 | 胜 21281 | 平 4443 | 负 24276
------------------------------------------------------------
智能体 Group10              胜率 | 45.5%
总对局                           | 100000
智能体 Group10              主场 | 胜 21258 | 平 4430 | 负 24312
智能体 Group10              客场 | 胜 24276 | 平 4443 | 负 21281
============================================================

============================================================
智能体 Group10              v.s. Agent17             
------------------------------------------------------------
智能体 Group10              胜率 | 47.7%
总对局                           | 100000
智能体 Group10              主场 | 胜 24403 | 平 5034 | 负 20563
智能体 Group10              客场 | 胜 21160 | 平 4464 | 负 24376
------------------------------------------------------------
智能体 Agent17              胜率 | 44.9%
总对局                           | 100000
智能体 Agent17              主场 | 胜 20563 | 平 5034 | 负 24403
智能体 Agent17              客场 | 胜 24376 | 平 4464 | 负 21160
============================================================

============================================================
智能体 Group10              v.s. Agent16             
------------------------------------------------------------
智能体 Group10              胜率 | 47.5%
总对局                           | 100000
智能体 Group10              主场 | 胜 24275 | 平 4856 | 负 20869
智能体 Group10              客场 | 胜 20945 | 平 4899 | 负 24156
------------------------------------------------------------
智能体 Agent16              胜率 | 45.0%
总对局                           | 100000
智能体 Agent16              主场 | 胜 20869 | 平 4856 | 负 24275
智能体 Agent16              客场 | 胜 24156 | 平 4899 | 负 20945
============================================================

============================================================
智能体 Group10              v.s. Agent15             
------------------------------------------------------------
智能体 Group10              胜率 | 48.7%
总对局                           | 100000
智能体 Group10              主场 | 胜 24636 | 平 4535 | 负 20829
智能体 Group10              客场 | 胜 21628 | 平 4955 | 负 23417
------------------------------------------------------------
智能体 Agent15              胜率 | 44.2%
总对局                           | 100000
智能体 Agent15              主场 | 胜 20829 | 平 4535 | 负 24636
智能体 Agent15              客场 | 胜 23417 | 平 4955 | 负 21628
============================================================

============================================================
智能体 Group10              v.s. Agent18             
------------------------------------------------------------
智能体 Group10              胜率 | 49.9%
总对局                           | 100000
智能体 Group10              主场 | 胜 25622 | 平 4640 | 负 19738
智能体 Group10              客场 | 胜 22381 | 平 3891 | 负 23728
------------------------------------------------------------
智能体 Agent18              胜率 | 43.5%
总对局                           | 100000
智能体 Agent18              主场 | 胜 19738 | 平 4640 | 负 25622
智能体 Agent18              客场 | 胜 23728 | 平 3891 | 负 22381
============================================================

============================================================
智能体 Agent17              v.s. Group11             
------------------------------------------------------------
智能体 Agent17              胜率 | 47.0%
总对局                           | 100000
智能体 Agent17              主场 | 胜 24171 | 平 4734 | 负 21095
智能体 Agent17              客场 | 胜 20458 | 平 5037 | 负 24505
------------------------------------------------------------
智能体 Group11              胜率 | 45.6%
总对局                           | 100000
智能体 Group11              主场 | 胜 21095 | 平 4734 | 负 24171
智能体 Group11              客场 | 胜 24505 | 平 5037 | 负 20458
============================================================

============================================================
智能体 Agent17              v.s. Group10             
------------------------------------------------------------
智能体 Agent17              胜率 | 47.3%
总对局                           | 100000
智能体 Agent17              主场 | 胜 24455 | 平 4544 | 负 21001
智能体 Agent17              客场 | 胜 20469 | 平 5033 | 负 24498
------------------------------------------------------------
智能体 Group10              胜率 | 45.5%
总对局                           | 100000
智能体 Group10              主场 | 胜 21001 | 平 4544 | 负 24455
智能体 Group10              客场 | 胜 24498 | 平 5033 | 负 20469
============================================================

============================================================
智能体 Agent17              v.s. Agent17             
------------------------------------------------------------
智能体 Agent17              胜率 | 47.2%
总对局                           | 100000
智能体 Agent17              主场 | 胜 24344 | 平 5380 | 负 20276
智能体 Agent17              客场 | 胜 20359 | 平 5234 | 负 24407
------------------------------------------------------------
智能体 Agent17              胜率 | 44.7%
总对局                           | 100000
智能体 Agent17              主场 | 胜 20276 | 平 5380 | 负 24344
智能体 Agent17              客场 | 胜 24407 | 平 5234 | 负 20359
============================================================

============================================================
智能体 Agent17              v.s. Agent16             
------------------------------------------------------------
智能体 Agent17              胜率 | 48.4%
总对局                           | 100000
智能体 Agent17              主场 | 胜 24381 | 平 4914 | 负 20705
智能体 Agent17              客场 | 胜 21646 | 平 4821 | 负 23533
------------------------------------------------------------
智能体 Agent16              胜率 | 44.2%
总对局                           | 100000
智能体 Agent16              主场 | 胜 20705 | 平 4914 | 负 24381
智能体 Agent16              客场 | 胜 23533 | 平 4821 | 负 21646
============================================================

============================================================
智能体 Agent17              v.s. Agent15             
------------------------------------------------------------
智能体 Agent17              胜率 | 49.7%
总对局                           | 100000
智能体 Agent17              主场 | 胜 24647 | 平 4334 | 负 21019
智能体 Agent17              客场 | 胜 22831 | 平 4432 | 负 22737
------------------------------------------------------------
智能体 Agent15              胜率 | 43.8%
总对局                           | 100000
智能体 Agent15              主场 | 胜 21019 | 平 4334 | 负 24647
智能体 Agent15              客场 | 胜 22737 | 平 4432 | 负 22831
============================================================

============================================================
智能体 Agent17              v.s. Agent18             
------------------------------------------------------------
智能体 Agent17              胜率 | 47.9%
总对局                           | 100000
智能体 Agent17              主场 | 胜 25577 | 平 4563 | 负 19860
智能体 Agent17              客场 | 胜 20143 | 平 4539 | 负 25318
------------------------------------------------------------
智能体 Agent18              胜率 | 45.2%
总对局                           | 100000
智能体 Agent18              主场 | 胜 19860 | 平 4563 | 负 25577
智能体 Agent18              客场 | 胜 25318 | 平 4539 | 负 20143
============================================================

============================================================
智能体 Agent16              v.s. Group11             
------------------------------------------------------------
智能体 Agent16              胜率 | 47.2%
总对局                           | 100000
智能体 Agent16              主场 | 胜 24047 | 平 4779 | 负 21174
智能体 Agent16              客场 | 胜 20883 | 平 4831 | 负 24286
------------------------------------------------------------
智能体 Group11              胜率 | 45.5%
总对局                           | 100000
智能体 Group11              主场 | 胜 21174 | 平 4779 | 负 24047
智能体 Group11              客场 | 胜 24286 | 平 4831 | 负 20883
============================================================

============================================================
智能体 Agent16              v.s. Group10             
------------------------------------------------------------
智能体 Agent16              胜率 | 47.1%
总对局                           | 100000
智能体 Agent16              主场 | 胜 23919 | 平 4892 | 负 21189
智能体 Agent16              客场 | 胜 20889 | 平 4835 | 负 24276
------------------------------------------------------------
智能体 Group10              胜率 | 45.5%
总对局                           | 100000
智能体 Group10              主场 | 胜 21189 | 平 4892 | 负 23919
智能体 Group10              客场 | 胜 24276 | 平 4835 | 负 20889
============================================================

============================================================
智能体 Agent16              v.s. Agent17             
------------------------------------------------------------
智能体 Agent16              胜率 | 46.3%
总对局                           | 100000
智能体 Agent16              主场 | 胜 23347 | 平 4893 | 负 21760
智能体 Agent16              客场 | 胜 20668 | 平 4834 | 负 24498
------------------------------------------------------------
智能体 Agent17              胜率 | 46.3%
总对局                           | 100000
智能体 Agent17              主场 | 胜 21760 | 平 4893 | 负 23347
智能体 Agent17              客场 | 胜 24498 | 平 4834 | 负 20668
============================================================

============================================================
智能体 Agent16              v.s. Agent16             
------------------------------------------------------------
智能体 Agent16              胜率 | 47.1%
总对局                           | 100000
智能体 Agent16              主场 | 胜 23286 | 平 5483 | 负 21231
智能体 Agent16              客场 | 胜 21304 | 平 5375 | 负 23321
------------------------------------------------------------
智能体 Agent16              胜率 | 44.6%
总对局                           | 100000
智能体 Agent16              主场 | 胜 21231 | 平 5483 | 负 23286
智能体 Agent16              客场 | 胜 23321 | 平 5375 | 负 21304
============================================================

============================================================
智能体 Agent16              v.s. Agent15             
------------------------------------------------------------
智能体 Agent16              胜率 | 49.4%
总对局                           | 100000
智能体 Agent16              主场 | 胜 24048 | 平 5016 | 负 20936
智能体 Agent16              客场 | 胜 22872 | 平 4955 | 负 22173
------------------------------------------------------------
智能体 Agent15              胜率 | 43.1%
总对局                           | 100000
智能体 Agent15              主场 | 胜 20936 | 平 5016 | 负 24048
智能体 Agent15              客场 | 胜 22173 | 平 4955 | 负 22872
============================================================

============================================================
智能体 Agent16              v.s. Agent18             
------------------------------------------------------------
智能体 Agent16              胜率 | 48.2%
总对局                           | 100000
智能体 Agent16              主场 | 胜 24954 | 平 4320 | 负 20726
智能体 Agent16              客场 | 胜 21219 | 平 4194 | 负 24587
------------------------------------------------------------
智能体 Agent18              胜率 | 45.3%
总对局                           | 100000
智能体 Agent18              主场 | 胜 20726 | 平 4320 | 负 24954
智能体 Agent18              客场 | 胜 24587 | 平 4194 | 负 21219
============================================================

============================================================
智能体 Agent15              v.s. Group11             
------------------------------------------------------------
智能体 Agent15              胜率 | 46.5%
总对局                           | 100000
智能体 Agent15              主场 | 胜 23512 | 平 4935 | 负 21553
智能体 Agent15              客场 | 胜 20936 | 平 4422 | 负 24642
------------------------------------------------------------
智能体 Group11              胜率 | 46.2%
总对局                           | 100000
智能体 Group11              主场 | 胜 21553 | 平 4935 | 负 23512
智能体 Group11              客场 | 胜 24642 | 平 4422 | 负 20936
============================================================

============================================================
智能体 Agent15              v.s. Group10             
------------------------------------------------------------
智能体 Agent15              胜率 | 46.3%
总对局                           | 100000
智能体 Agent15              主场 | 胜 23347 | 平 5011 | 负 21642
智能体 Agent15              客场 | 胜 20945 | 平 4424 | 负 24631
------------------------------------------------------------
智能体 Group10              胜率 | 46.3%
总对局                           | 100000
智能体 Group10              主场 | 胜 21642 | 平 5011 | 负 23347
智能体 Group10              客场 | 胜 24631 | 平 4424 | 负 20945
============================================================

============================================================
智能体 Agent15              v.s. Agent17             
------------------------------------------------------------
智能体 Agent15              胜率 | 45.5%
总对局                           | 100000
智能体 Agent15              主场 | 胜 22763 | 平 4458 | 负 22779
智能体 Agent15              客场 | 胜 20771 | 平 4421 | 负 24808
------------------------------------------------------------
智能体 Agent17              胜率 | 47.6%
总对局                           | 100000
智能体 Agent17              主场 | 胜 22779 | 平 4458 | 负 22763
智能体 Agent17              客场 | 胜 24808 | 平 4421 | 负 20771
============================================================

============================================================
智能体 Agent15              v.s. Agent16             
------------------------------------------------------------
智能体 Agent15              胜率 | 45.3%
总对局                           | 100000
智能体 Agent15              主场 | 胜 22257 | 平 5115 | 负 22628
智能体 Agent15              客场 | 胜 20769 | 平 4933 | 负 24298
------------------------------------------------------------
智能体 Agent16              胜率 | 46.9%
总对局                           | 100000
智能体 Agent16              主场 | 胜 22628 | 平 5115 | 负 22257
智能体 Agent16              客场 | 胜 24298 | 平 4933 | 负 20769
============================================================

============================================================
智能体 Agent15              v.s. Agent15             
------------------------------------------------------------
智能体 Agent15              胜率 | 46.9%
总对局                           | 100000
智能体 Agent15              主场 | 胜 22543 | 平 5511 | 负 21946
智能体 Agent15              客场 | 胜 21773 | 平 5445 | 负 22782
------------------------------------------------------------
智能体 Agent15              胜率 | 44.7%
总对局                           | 100000
智能体 Agent15              主场 | 胜 21946 | 平 5511 | 负 22543
智能体 Agent15              客场 | 胜 22782 | 平 5445 | 负 21773
============================================================

============================================================
智能体 Agent15              v.s. Agent18             
------------------------------------------------------------
智能体 Agent15              胜率 | 48.5%
总对局                           | 100000
智能体 Agent15              主场 | 胜 24721 | 平 3803 | 负 21476
智能体 Agent15              客场 | 胜 21925 | 平 3835 | 负 24240
------------------------------------------------------------
智能体 Agent18              胜率 | 45.7%
总对局                           | 100000
智能体 Agent18              主场 | 胜 21476 | 平 3803 | 负 24721
智能体 Agent18              客场 | 胜 24240 | 平 3835 | 负 21925
============================================================

============================================================
智能体 Agent18              v.s. Group11             
------------------------------------------------------------
智能体 Agent18              胜率 | 45.7%
总对局                           | 100000
智能体 Agent18              主场 | 胜 23814 | 平 4058 | 负 22128
智能体 Agent18              客场 | 胜 19755 | 平 4607 | 负 25638
------------------------------------------------------------
智能体 Group11              胜率 | 47.8%
总对局                           | 100000
智能体 Group11              主场 | 胜 22128 | 平 4058 | 负 23814
智能体 Group11              客场 | 胜 25638 | 平 4607 | 负 19755
============================================================

============================================================
智能体 Agent18              v.s. Group10             
------------------------------------------------------------
智能体 Agent18              胜率 | 45.4%
总对局                           | 100000
智能体 Agent18              主场 | 胜 23527 | 平 3838 | 负 22635
智能体 Agent18              客场 | 胜 19767 | 平 4604 | 负 25629
------------------------------------------------------------
智能体 Group10              胜率 | 48.3%
总对局                           | 100000
智能体 Group10              主场 | 胜 22635 | 平 3838 | 负 23527
智能体 Group10              客场 | 胜 25629 | 平 4604 | 负 19767
============================================================

============================================================
智能体 Agent18              v.s. Agent17             
------------------------------------------------------------
智能体 Agent18              胜率 | 47.2%
总对局                           | 100000
智能体 Agent18              主场 | 胜 25175 | 平 4454 | 负 20371
智能体 Agent18              客场 | 胜 19915 | 平 4545 | 负 25540
------------------------------------------------------------
智能体 Agent17              胜率 | 45.9%
总对局                           | 100000
智能体 Agent17              主场 | 胜 20371 | 平 4454 | 负 25175
智能体 Agent17              客场 | 胜 25540 | 平 4545 | 负 19915
============================================================

============================================================
智能体 Agent18              v.s. Agent16             
------------------------------------------------------------
智能体 Agent18              胜率 | 47.4%
总对局                           | 100000
智能体 Agent18              主场 | 胜 24615 | 平 4185 | 负 21200
智能体 Agent18              客场 | 胜 20833 | 平 4183 | 负 24984
------------------------------------------------------------
智能体 Agent16              胜率 | 46.2%
总对局                           | 100000
智能体 Agent16              主场 | 胜 21200 | 平 4185 | 负 24615
智能体 Agent16              客场 | 胜 24984 | 平 4183 | 负 20833
============================================================

============================================================
智能体 Agent18              v.s. Agent15             
------------------------------------------------------------
智能体 Agent18              胜率 | 47.8%
总对局                           | 100000
智能体 Agent18              主场 | 胜 24324 | 平 3871 | 负 21805
智能体 Agent18              客场 | 胜 21673 | 平 3856 | 负 24471
------------------------------------------------------------
智能体 Agent15              胜率 | 46.3%
总对局                           | 100000
智能体 Agent15              主场 | 胜 21805 | 平 3871 | 负 24324
智能体 Agent15              客场 | 胜 24471 | 平 3856 | 负 21673
============================================================

============================================================
智能体 Agent18              v.s. Agent18             
------------------------------------------------------------
智能体 Agent18              胜率 | 47.4%
总对局                           | 100000
智能体 Agent18              主场 | 胜 26084 | 平 4931 | 负 18985
智能体 Agent18              客场 | 胜 18945 | 平 4929 | 负 26126
------------------------------------------------------------
智能体 Agent18              胜率 | 45.1%
总对局                           | 100000
智能体 Agent18              主场 | 胜 18985 | 平 4931 | 负 26084
智能体 Agent18              客场 | 胜 26126 | 平 4929 | 负 18945
============================================================

